2024-12-11T07:38:54.467Z [ERROR]: Error processing webhook: TriggerApiError: 401 "Invalid API Key"
    at ApiError.generate (webpack-internal:///(rsc)/./node_modules/@trigger.dev/core/dist/esm/v3/apiClient/errors.js:61:20)
    at _doZodFetchWithRetries (webpack-internal:///(rsc)/./node_modules/@trigger.dev/core/dist/esm/v3/apiClient/core.js:138:72)
    at process.processTicksAndRejections (node:internal/process/task_queues:105:5)
    at async eval (webpack-internal:///(rsc)/./node_modules/@trigger.dev/core/dist/esm/v3/apiClient/core.js:117:24)
    at async params.options.tracer.startActiveSpan.attributes (webpack-internal:///(rsc)/./node_modules/@trigger.dev/core/dist/esm/v3/apiClient/core.js:105:16)
    at async eval (webpack-internal:///(rsc)/./node_modules/@trigger.dev/core/dist/esm/v3/tracer.js:78:24)
    at async traceZodFetch (webpack-internal:///(rsc)/./node_modules/@trigger.dev/core/dist/esm/v3/apiClient/core.js:104:12)
2024-12-11T07:40:33.993Z [ERROR]: Error processing webhook: TriggerApiError: 401 "Invalid API Key"
    at ApiError.generate (webpack-internal:///(rsc)/./node_modules/@trigger.dev/core/dist/esm/v3/apiClient/errors.js:61:20)
    at _doZodFetchWithRetries (webpack-internal:///(rsc)/./node_modules/@trigger.dev/core/dist/esm/v3/apiClient/core.js:138:72)
    at process.processTicksAndRejections (node:internal/process/task_queues:105:5)
    at async eval (webpack-internal:///(rsc)/./node_modules/@trigger.dev/core/dist/esm/v3/apiClient/core.js:117:24)
    at async params.options.tracer.startActiveSpan.attributes (webpack-internal:///(rsc)/./node_modules/@trigger.dev/core/dist/esm/v3/apiClient/core.js:105:16)
    at async eval (webpack-internal:///(rsc)/./node_modules/@trigger.dev/core/dist/esm/v3/tracer.js:78:24)
    at async traceZodFetch (webpack-internal:///(rsc)/./node_modules/@trigger.dev/core/dist/esm/v3/apiClient/core.js:104:12)
2024-12-11T07:41:44.497Z [ERROR]: Error processing webhook: TriggerApiError: 401 "Invalid API Key"
    at ApiError.generate (webpack-internal:///(rsc)/./node_modules/@trigger.dev/core/dist/esm/v3/apiClient/errors.js:61:20)
    at _doZodFetchWithRetries (webpack-internal:///(rsc)/./node_modules/@trigger.dev/core/dist/esm/v3/apiClient/core.js:138:72)
    at process.processTicksAndRejections (node:internal/process/task_queues:105:5)
    at async eval (webpack-internal:///(rsc)/./node_modules/@trigger.dev/core/dist/esm/v3/apiClient/core.js:117:24)
    at async params.options.tracer.startActiveSpan.attributes (webpack-internal:///(rsc)/./node_modules/@trigger.dev/core/dist/esm/v3/apiClient/core.js:105:16)
    at async eval (webpack-internal:///(rsc)/./node_modules/@trigger.dev/core/dist/esm/v3/tracer.js:78:24)
    at async traceZodFetch (webpack-internal:///(rsc)/./node_modules/@trigger.dev/core/dist/esm/v3/apiClient/core.js:104:12)
2024-12-11T07:45:50.974Z [ERROR]: Error processing webhook: TriggerApiError: 401 "Invalid API Key"
    at ApiError.generate (webpack-internal:///(rsc)/./node_modules/@trigger.dev/core/dist/esm/v3/apiClient/errors.js:61:20)
    at _doZodFetchWithRetries (webpack-internal:///(rsc)/./node_modules/@trigger.dev/core/dist/esm/v3/apiClient/core.js:138:72)
    at process.processTicksAndRejections (node:internal/process/task_queues:105:5)
    at async eval (webpack-internal:///(rsc)/./node_modules/@trigger.dev/core/dist/esm/v3/apiClient/core.js:117:24)
    at async params.options.tracer.startActiveSpan.attributes (webpack-internal:///(rsc)/./node_modules/@trigger.dev/core/dist/esm/v3/apiClient/core.js:105:16)
    at async eval (webpack-internal:///(rsc)/./node_modules/@trigger.dev/core/dist/esm/v3/tracer.js:78:24)
    at async traceZodFetch (webpack-internal:///(rsc)/./node_modules/@trigger.dev/core/dist/esm/v3/apiClient/core.js:104:12)
2024-12-11T07:46:21.441Z [ERROR]: Error processing webhook: TriggerApiError: 401 "Invalid API Key"
    at ApiError.generate (webpack-internal:///(rsc)/./node_modules/@trigger.dev/core/dist/esm/v3/apiClient/errors.js:61:20)
    at _doZodFetchWithRetries (webpack-internal:///(rsc)/./node_modules/@trigger.dev/core/dist/esm/v3/apiClient/core.js:138:72)
    at process.processTicksAndRejections (node:internal/process/task_queues:105:5)
    at async eval (webpack-internal:///(rsc)/./node_modules/@trigger.dev/core/dist/esm/v3/apiClient/core.js:117:24)
    at async params.options.tracer.startActiveSpan.attributes (webpack-internal:///(rsc)/./node_modules/@trigger.dev/core/dist/esm/v3/apiClient/core.js:105:16)
    at async eval (webpack-internal:///(rsc)/./node_modules/@trigger.dev/core/dist/esm/v3/tracer.js:78:24)
    at async traceZodFetch (webpack-internal:///(rsc)/./node_modules/@trigger.dev/core/dist/esm/v3/apiClient/core.js:104:12)
2024-12-11T07:47:33.078Z [ERROR]: Error processing webhook: TriggerApiError: 401 "Invalid API Key"
    at ApiError.generate (webpack-internal:///(rsc)/./node_modules/@trigger.dev/core/dist/esm/v3/apiClient/errors.js:61:20)
    at _doZodFetchWithRetries (webpack-internal:///(rsc)/./node_modules/@trigger.dev/core/dist/esm/v3/apiClient/core.js:138:72)
    at process.processTicksAndRejections (node:internal/process/task_queues:105:5)
    at async eval (webpack-internal:///(rsc)/./node_modules/@trigger.dev/core/dist/esm/v3/apiClient/core.js:117:24)
    at async params.options.tracer.startActiveSpan.attributes (webpack-internal:///(rsc)/./node_modules/@trigger.dev/core/dist/esm/v3/apiClient/core.js:105:16)
    at async eval (webpack-internal:///(rsc)/./node_modules/@trigger.dev/core/dist/esm/v3/tracer.js:78:24)
    at async traceZodFetch (webpack-internal:///(rsc)/./node_modules/@trigger.dev/core/dist/esm/v3/apiClient/core.js:104:12)
